# JRE version: OpenJDK Runtime Environment Temurin-17.0.6+10 (17.0.6+10) (build 17.0.6+10)
# Java VM: OpenJDK 64-Bit Server VM Temurin-17.0.6+10 (17.0.6+10, mixed mode, emulated-client, tiered, compressed oops, compressed class ptrs, g1 gc, windows-amd64)
GC Precious Log:
 CPUs: 8 total, 8 available
 Memory: 8044M
 Large Page Support: Disabled
 NUMA Support: Disabled
 Compressed Oops: Enabled (32-bit)
 Heap Region Size: 1M
 Heap Min Capacity: 8M
 Heap Initial Capacity: 126M
 Heap Max Capacity: 2012M
 Pre-touch: Disabled
 Parallel Workers: 8
 Concurrent Workers: 2
 Concurrent Refinement Workers: 8
 Periodic GC: Disabled
Heap:
 garbage-first heap   total 30720K, used 17437K [0x0000000082400000, 0x0000000100000000)
  region size 1024K, 8 young (8192K), 2 survivors (2048K)
 Metaspace       used 33930K, committed 34304K, reserved 1081344K
  class space    used 4225K, committed 4416K, reserved 1048576K
GC Heap History (16 events):
Event: 5.983 GC heap before
{Heap before GC invocations=0 (full 0):
 garbage-first heap   total 129024K, used 22528K [0x0000000082400000, 0x0000000100000000)
  region size 1024K, 23 young (23552K), 0 survivors (0K)
 Metaspace       used 16616K, committed 16832K, reserved 1064960K
  class space    used 1806K, committed 1920K, reserved 1048576K
}
Event: 5.995 GC heap after
{Heap after GC invocations=1 (full 0):
 garbage-first heap   total 129024K, used 5568K [0x0000000082400000, 0x0000000100000000)
  region size 1024K, 3 young (3072K), 3 survivors (3072K)
 Metaspace       used 16616K, committed 16832K, reserved 1064960K
  class space    used 1806K, committed 1920K, reserved 1048576K
}
Event: 11.193 GC heap before
{Heap before GC invocations=1 (full 0):
 garbage-first heap   total 129024K, used 25024K [0x0000000082400000, 0x0000000100000000)
  region size 1024K, 24 young (24576K), 3 survivors (3072K)
 Metaspace       used 21305K, committed 21504K, reserved 1073152K
  class space    used 2445K, committed 2560K, reserved 1048576K
}
Event: 11.203 GC heap after
{Heap after GC invocations=2 (full 0):
 garbage-first heap   total 129024K, used 7169K [0x0000000082400000, 0x0000000100000000)
  region size 1024K, 2 young (2048K), 2 survivors (2048K)
 Metaspace       used 21305K, committed 21504K, reserved 1073152K
  class space    used 2445K, committed 2560K, reserved 1048576K
}
Event: 12.936 GC heap before
{Heap before GC invocations=3 (full 0):
 garbage-first heap   total 30720K, used 21505K [0x0000000082400000, 0x0000000100000000)
  region size 1024K, 18 young (18432K), 2 survivors (2048K)
 Metaspace       used 24937K, committed 25216K, reserved 1073152K
  class space    used 2954K, committed 3136K, reserved 1048576K
}
Event: 12.944 GC heap after
{Heap after GC invocations=4 (full 0):
 garbage-first heap   total 30720K, used 8050K [0x0000000082400000, 0x0000000100000000)
  region size 1024K, 3 young (3072K), 3 survivors (3072K)
 Metaspace       used 24937K, committed 25216K, reserved 1073152K
  class space    used 2954K, committed 3136K, reserved 1048576K
}
Event: 13.251 GC heap before
{Heap before GC invocations=4 (full 0):
 garbage-first heap   total 30720K, used 8050K [0x0000000082400000, 0x0000000100000000)
  region size 1024K, 4 young (4096K), 3 survivors (3072K)
 Metaspace       used 25176K, committed 25472K, reserved 1073152K
  class space    used 2984K, committed 3136K, reserved 1048576K
}
Event: 13.257 GC heap after
{Heap after GC invocations=5 (full 0):
 garbage-first heap   total 30720K, used 8259K [0x0000000082400000, 0x0000000100000000)
  region size 1024K, 1 young (1024K), 1 survivors (1024K)
 Metaspace       used 25176K, committed 25472K, reserved 1073152K
  class space    used 2984K, committed 3136K, reserved 1048576K
}
Event: 17.592 GC heap before
{Heap before GC invocations=5 (full 0):
 garbage-first heap   total 30720K, used 21571K [0x0000000082400000, 0x0000000100000000)
  region size 1024K, 14 young (14336K), 1 survivors (1024K)
 Metaspace       used 26836K, committed 27136K, reserved 1073152K
  class space    used 3206K, committed 3392K, reserved 1048576K
}
Event: 17.600 GC heap after
{Heap after GC invocations=6 (full 0):
 garbage-first heap   total 30720K, used 9376K [0x0000000082400000, 0x0000000100000000)
  region size 1024K, 2 young (2048K), 2 survivors (2048K)
 Metaspace       used 26836K, committed 27136K, reserved 1073152K
  class space    used 3206K, committed 3392K, reserved 1048576K
}
Event: 21.055 GC heap before
{Heap before GC invocations=6 (full 0):
 garbage-first heap   total 30720K, used 22688K [0x0000000082400000, 0x0000000100000000)
  region size 1024K, 15 young (15360K), 2 survivors (2048K)
 Metaspace       used 28297K, committed 28608K, reserved 1081344K
  class space    used 3426K, committed 3584K, reserved 1048576K
}
Event: 21.059 GC heap after
{Heap after GC invocations=7 (full 0):
 garbage-first heap   total 30720K, used 9994K [0x0000000082400000, 0x0000000100000000)
  region size 1024K, 2 young (2048K), 2 survivors (2048K)
 Metaspace       used 28297K, committed 28608K, reserved 1081344K
  class space    used 3426K, committed 3584K, reserved 1048576K
}
Event: 25.260 GC heap before
{Heap before GC invocations=7 (full 0):
 garbage-first heap   total 30720K, used 22282K [0x0000000082400000, 0x0000000100000000)
  region size 1024K, 14 young (14336K), 2 survivors (2048K)
 Metaspace       used 30527K, committed 30848K, reserved 1081344K
  class space    used 3751K, committed 3904K, reserved 1048576K
}
Event: 25.273 GC heap after
{Heap after GC invocations=8 (full 0):
 garbage-first heap   total 30720K, used 10899K [0x0000000082400000, 0x0000000100000000)
  region size 1024K, 2 young (2048K), 2 survivors (2048K)
 Metaspace       used 30527K, committed 30848K, reserved 1081344K
  class space    used 3751K, committed 3904K, reserved 1048576K
}
Event: 28.719 GC heap before
{Heap before GC invocations=8 (full 0):
 garbage-first heap   total 30720K, used 22163K [0x0000000082400000, 0x0000000100000000)
  region size 1024K, 14 young (14336K), 2 survivors (2048K)
 Metaspace       used 32744K, committed 33088K, reserved 1081344K
  class space    used 4106K, committed 4288K, reserved 1048576K
}
Event: 28.728 GC heap after
{Heap after GC invocations=9 (full 0):
 garbage-first heap   total 30720K, used 12317K [0x0000000082400000, 0x0000000100000000)
  region size 1024K, 2 young (2048K), 2 survivors (2048K)
 Metaspace       used 32744K, committed 33088K, reserved 1081344K
  class space    used 4106K, committed 4288K, reserved 1048576K
}

